<?xml version="1.0" encoding="UTF-8"?>
<!-- Generated by org.testng.reporters.JUnitReportReporter -->
<testsuite skipped="0" hostname="LAPTOP-4AN8MAGU" name="com.testcase.HomePageTest" tests="1" failures="0" timestamp="2021-12-02T09:26:41 IST" time="25.514" errors="0">
  <testcase name="test1" time="25.514" classname="com.testcase.HomePageTest"/>
  <system-out/>
</testsuite> <!-- com.testcase.HomePageTest -->
